2016-09-30 15:13:52,615 p=21431 u=root |   [WARNING]: Host file not found: local

2016-09-30 15:13:52,619 p=21431 u=root |   [WARNING]: provided hosts list is empty, only localhost is available

2016-09-30 15:13:52,853 p=21431 u=root |  PLAY [local] *******************************************************************
2016-09-30 15:13:52,854 p=21431 u=root |  skipping: no hosts matched
2016-09-30 15:13:52,854 p=21431 u=root |  PLAY RECAP *********************************************************************
2016-09-30 15:14:06,918 p=21445 u=root |  PLAY [local] *******************************************************************
2016-09-30 15:14:07,013 p=21445 u=root |  TASK [setup] *******************************************************************
2016-09-30 15:14:07,802 p=21445 u=root |  ok: [localhost]
2016-09-30 15:14:07,811 p=21445 u=root |  TASK [Build image and with buildargs] ******************************************
2016-09-30 15:14:58,854 p=21445 u=root |  changed: [localhost]
2016-09-30 15:14:58,862 p=21445 u=root |  TASK [Build image and with buildargs] ******************************************
2016-09-30 15:15:14,377 p=21445 u=root |  changed: [localhost]
2016-09-30 15:15:14,387 p=21445 u=root |  TASK [Build image and with buildargs] ******************************************
2016-09-30 15:15:22,372 p=21445 u=root |  changed: [localhost]
2016-09-30 15:15:22,380 p=21445 u=root |  TASK [remove docker compose] ***************************************************
2016-09-30 15:15:22,856 p=21445 u=root |  changed: [localhost]
2016-09-30 15:15:22,864 p=21445 u=root |  PLAY RECAP *********************************************************************
2016-09-30 15:15:22,864 p=21445 u=root |  localhost                  : ok=5    changed=4    unreachable=0    failed=0   
2016-09-30 15:19:21,847 p=23851 u=root |  PLAY [local] *******************************************************************
2016-09-30 15:19:21,931 p=23851 u=root |  TASK [setup] *******************************************************************
2016-09-30 15:19:22,709 p=23851 u=root |  ok: [localhost]
2016-09-30 15:19:22,718 p=23851 u=root |  TASK [Build image and with buildargs] ******************************************
2016-09-30 15:19:59,355 p=23851 u=root |  changed: [localhost]
2016-09-30 15:19:59,364 p=23851 u=root |  TASK [Build image and with buildargs] ******************************************
2016-09-30 15:20:12,646 p=23851 u=root |  changed: [localhost]
2016-09-30 15:20:12,654 p=23851 u=root |  TASK [Build image and with buildargs] ******************************************
2016-09-30 15:20:20,555 p=23851 u=root |  changed: [localhost]
2016-09-30 15:20:20,563 p=23851 u=root |  TASK [remove docker compose] ***************************************************
2016-09-30 15:20:21,049 p=23851 u=root |  changed: [localhost]
2016-09-30 15:20:21,056 p=23851 u=root |  PLAY RECAP *********************************************************************
2016-09-30 15:20:21,057 p=23851 u=root |  localhost                  : ok=5    changed=4    unreachable=0    failed=0   
2016-09-30 15:25:04,091 p=26254 u=root |  PLAY [local] *******************************************************************
2016-09-30 15:25:04,180 p=26254 u=root |  TASK [setup] *******************************************************************
2016-09-30 15:25:04,826 p=26254 u=root |  ok: [localhost]
2016-09-30 15:25:04,836 p=26254 u=root |  TASK [Build image for gonginx] *************************************************
2016-09-30 15:25:51,588 p=26254 u=root |  changed: [localhost]
2016-09-30 15:25:51,597 p=26254 u=root |  TASK [Build image for gobuild] *************************************************
2016-09-30 15:26:05,007 p=26254 u=root |  changed: [localhost]
2016-09-30 15:26:05,016 p=26254 u=root |  TASK [Build image for godeploy] ************************************************
2016-09-30 15:26:05,332 p=26254 u=root |  fatal: [localhost]: FAILED! => {"changed": true, "cmd": "cd /opt/gitrepo/goapp/deploy/ && docker build -t godeploy .", "delta": "0:00:00.088400", "end": "2016-09-30 15:26:05.304904", "failed": true, "rc": 1, "start": "2016-09-30 15:26:05.216504", "stderr": "lstat helloapp: no such file or directory", "stdout": "Sending build context to Docker daemon 2.048 kB\r\r\nStep 1 : FROM golang\n ---> 12231e6a3e14\nStep 2 : ADD helloapp /go/bin/helloapp", "stdout_lines": ["Sending build context to Docker daemon 2.048 kB", "", "Step 1 : FROM golang", " ---> 12231e6a3e14", "Step 2 : ADD helloapp /go/bin/helloapp"], "warnings": []}
2016-09-30 15:26:05,338 p=26254 u=root |  NO MORE HOSTS LEFT *************************************************************
2016-09-30 15:26:05,340 p=26254 u=root |   [WARNING]: Could not create retry file 'build.retry'.         [Errno 2] No such file or directory: ''

2016-09-30 15:26:05,340 p=26254 u=root |  PLAY RECAP *********************************************************************
2016-09-30 15:26:05,340 p=26254 u=root |  localhost                  : ok=3    changed=2    unreachable=0    failed=1   
2016-09-30 15:26:55,863 p=27928 u=root |  PLAY [local] *******************************************************************
2016-09-30 15:26:55,952 p=27928 u=root |  TASK [setup] *******************************************************************
2016-09-30 15:26:56,571 p=27928 u=root |  ok: [localhost]
2016-09-30 15:26:56,580 p=27928 u=root |  TASK [Build image for gonginx] *************************************************
2016-09-30 15:26:56,924 p=27928 u=root |  changed: [localhost]
2016-09-30 15:26:56,932 p=27928 u=root |  TASK [Build image for gobuild] *************************************************
2016-09-30 15:26:57,155 p=27928 u=root |  changed: [localhost]
2016-09-30 15:26:57,163 p=27928 u=root |  TASK [Build image for godeploy] ************************************************
2016-09-30 15:27:01,196 p=27928 u=root |  changed: [localhost]
2016-09-30 15:27:01,204 p=27928 u=root |  PLAY RECAP *********************************************************************
2016-09-30 15:27:01,204 p=27928 u=root |  localhost                  : ok=4    changed=3    unreachable=0    failed=0   
2016-10-02 18:14:03,380 p=43376 u=root |  PLAY [local] *******************************************************************
2016-10-02 18:14:03,469 p=43376 u=root |  TASK [setup] *******************************************************************
2016-10-02 18:14:04,207 p=43376 u=root |  ok: [localhost]
2016-10-02 18:14:04,216 p=43376 u=root |  TASK [Build image for gonginx] *************************************************
2016-10-02 18:14:49,824 p=43376 u=root |  changed: [localhost]
2016-10-02 18:14:49,833 p=43376 u=root |  TASK [Build image for gobuild] *************************************************
2016-10-02 18:15:04,668 p=43376 u=root |  changed: [localhost]
2016-10-02 18:15:04,683 p=43376 u=root |  TASK [Build image for godeploy] ************************************************
2016-10-02 18:15:12,356 p=43376 u=root |  changed: [localhost]
2016-10-02 18:15:12,363 p=43376 u=root |  PLAY RECAP *********************************************************************
2016-10-02 18:15:12,363 p=43376 u=root |  localhost                  : ok=4    changed=3    unreachable=0    failed=0   
2016-10-02 18:41:26,178 p=46467 u=root |  PLAY [local] *******************************************************************
2016-10-02 18:41:26,272 p=46467 u=root |  TASK [setup] *******************************************************************
2016-10-02 18:41:26,938 p=46467 u=root |  ok: [localhost]
2016-10-02 18:41:26,947 p=46467 u=root |  TASK [Build image for gobuild] *************************************************
2016-10-02 18:41:27,297 p=46467 u=root |  changed: [localhost]
2016-10-02 18:41:27,305 p=46467 u=root |  TASK [Build helloapp] **********************************************************
2016-10-02 18:41:30,680 p=46467 u=root |  changed: [localhost]
2016-10-02 18:41:30,689 p=46467 u=root |  TASK [Build image for gonginx] *************************************************
2016-10-02 18:41:31,009 p=46467 u=root |  changed: [localhost]
2016-10-02 18:41:31,016 p=46467 u=root |  TASK [Build image for godeploy] ************************************************
2016-10-02 18:41:31,298 p=46467 u=root |  changed: [localhost]
2016-10-02 18:41:31,306 p=46467 u=root |  PLAY RECAP *********************************************************************
2016-10-02 18:41:31,306 p=46467 u=root |  localhost                  : ok=5    changed=4    unreachable=0    failed=0   
2016-10-02 18:59:16,816 p=48131 u=root |  PLAY [local] *******************************************************************
2016-10-02 18:59:16,889 p=48131 u=root |  TASK [setup] *******************************************************************
2016-10-02 18:59:17,521 p=48131 u=root |  ok: [localhost]
2016-10-02 18:59:17,530 p=48131 u=root |  TASK [Build image for gobuild] *************************************************
2016-10-02 18:59:32,799 p=48131 u=root |  changed: [localhost]
2016-10-02 18:59:32,808 p=48131 u=root |  TASK [Build helloapp] **********************************************************
2016-10-02 18:59:36,283 p=48131 u=root |  changed: [localhost]
2016-10-02 18:59:36,291 p=48131 u=root |  TASK [Build image for gonginx] *************************************************
2016-10-02 19:00:07,111 p=48131 u=root |  changed: [localhost]
2016-10-02 19:00:07,119 p=48131 u=root |  TASK [Build image for godeploy] ************************************************
2016-10-02 19:00:12,332 p=48131 u=root |  changed: [localhost]
2016-10-02 19:00:12,340 p=48131 u=root |  PLAY RECAP *********************************************************************
2016-10-02 19:00:12,340 p=48131 u=root |  localhost                  : ok=5    changed=4    unreachable=0    failed=0   
2016-10-02 19:07:06,902 p=50745 u=root |  PLAY [local] *******************************************************************
2016-10-02 19:07:06,986 p=50745 u=root |  TASK [setup] *******************************************************************
2016-10-02 19:07:07,672 p=50745 u=root |  ok: [localhost]
2016-10-02 19:07:07,681 p=50745 u=root |  TASK [Build image for gobuild] *************************************************
2016-10-02 19:07:21,056 p=50745 u=root |  changed: [localhost]
2016-10-02 19:07:21,064 p=50745 u=root |  TASK [Build helloapp] **********************************************************
2016-10-02 19:07:24,532 p=50745 u=root |  changed: [localhost]
2016-10-02 19:07:24,540 p=50745 u=root |  TASK [Build image for gonginx] *************************************************
2016-10-02 19:07:24,879 p=50745 u=root |  changed: [localhost]
2016-10-02 19:07:24,887 p=50745 u=root |  TASK [Build image for godeploy] ************************************************
2016-10-02 19:07:29,345 p=50745 u=root |  changed: [localhost]
2016-10-02 19:07:29,353 p=50745 u=root |  PLAY RECAP *********************************************************************
2016-10-02 19:07:29,353 p=50745 u=root |  localhost                  : ok=5    changed=4    unreachable=0    failed=0   
2016-10-02 19:20:52,627 p=55653 u=root |  PLAY [local] *******************************************************************
2016-10-02 19:20:52,717 p=55653 u=root |  TASK [setup] *******************************************************************
2016-10-02 19:20:53,374 p=55653 u=root |  ok: [localhost]
2016-10-02 19:20:53,383 p=55653 u=root |  TASK [Build image for gobuild] *************************************************
2016-10-02 19:20:53,701 p=55653 u=root |  changed: [localhost]
2016-10-02 19:20:53,709 p=55653 u=root |  TASK [Build helloapp] **********************************************************
2016-10-02 19:20:57,204 p=55653 u=root |  changed: [localhost]
2016-10-02 19:20:57,212 p=55653 u=root |  TASK [Build image for gonginx] *************************************************
2016-10-02 19:21:25,644 p=55653 u=root |  changed: [localhost]
2016-10-02 19:21:25,652 p=55653 u=root |  TASK [Build image for godeploy] ************************************************
2016-10-02 19:21:26,055 p=55653 u=root |  changed: [localhost]
2016-10-02 19:21:26,062 p=55653 u=root |  PLAY RECAP *********************************************************************
2016-10-02 19:21:26,062 p=55653 u=root |  localhost                  : ok=5    changed=4    unreachable=0    failed=0   
